2022/03/27 03:10:50 [notice] 1#1: using the "epoll" event method
2022/03/27 03:10:50 [notice] 1#1: nginx/1.21.6
2022/03/27 03:10:50 [notice] 1#1: built by gcc 10.2.1 20210110 (Debian 10.2.1-6) 
2022/03/27 03:10:50 [notice] 1#1: OS: Linux 5.10.104-linuxkit
2022/03/27 03:10:50 [notice] 1#1: getrlimit(RLIMIT_NOFILE): 1048576:1048576
2022/03/27 03:10:50 [notice] 1#1: start worker processes
2022/03/27 03:10:50 [notice] 1#1: start worker process 31
2022/03/27 03:10:50 [notice] 1#1: start worker process 32
2022/03/27 03:10:50 [notice] 1#1: start worker process 33
2022/03/27 03:10:50 [notice] 1#1: start worker process 34
2022/03/27 03:21:47 [notice] 1#1: signal 3 (SIGQUIT) received, shutting down
2022/03/27 03:21:47 [notice] 32#32: gracefully shutting down
2022/03/27 03:21:47 [notice] 33#33: gracefully shutting down
2022/03/27 03:21:47 [notice] 33#33: exiting
2022/03/27 03:21:47 [notice] 31#31: gracefully shutting down
2022/03/27 03:21:47 [notice] 34#34: gracefully shutting down
2022/03/27 03:21:47 [notice] 32#32: exiting
2022/03/27 03:21:47 [notice] 33#33: exit
2022/03/27 03:21:47 [notice] 31#31: exiting
2022/03/27 03:21:47 [notice] 31#31: exit
2022/03/27 03:21:47 [notice] 34#34: exiting
2022/03/27 03:21:47 [notice] 34#34: exit
2022/03/27 03:21:47 [notice] 32#32: exit
2022/03/27 03:21:47 [notice] 1#1: signal 17 (SIGCHLD) received from 33
2022/03/27 03:21:47 [notice] 1#1: worker process 33 exited with code 0
2022/03/27 03:21:47 [notice] 1#1: signal 29 (SIGIO) received
2022/03/27 03:21:47 [notice] 1#1: signal 17 (SIGCHLD) received from 31
2022/03/27 03:21:47 [notice] 1#1: worker process 31 exited with code 0
2022/03/27 03:21:47 [notice] 1#1: signal 29 (SIGIO) received
2022/03/27 03:21:47 [notice] 1#1: signal 17 (SIGCHLD) received from 34
2022/03/27 03:21:47 [notice] 1#1: worker process 32 exited with code 0
2022/03/27 03:21:47 [notice] 1#1: worker process 34 exited with code 0
2022/03/27 03:21:47 [notice] 1#1: exit
2022/03/27 03:21:48 [notice] 1#1: using the "epoll" event method
2022/03/27 03:21:48 [notice] 1#1: nginx/1.21.6
2022/03/27 03:21:48 [notice] 1#1: built by gcc 10.2.1 20210110 (Debian 10.2.1-6) 
2022/03/27 03:21:48 [notice] 1#1: OS: Linux 5.10.104-linuxkit
2022/03/27 03:21:48 [notice] 1#1: getrlimit(RLIMIT_NOFILE): 1048576:1048576
2022/03/27 03:21:48 [notice] 1#1: start worker processes
2022/03/27 03:21:48 [notice] 1#1: start worker process 31
2022/03/27 03:21:48 [notice] 1#1: start worker process 32
2022/03/27 03:21:48 [notice] 1#1: start worker process 33
2022/03/27 03:21:48 [notice] 1#1: start worker process 34
2022/03/27 06:48:29 [notice] 1#1: using the "epoll" event method
2022/03/27 06:48:29 [notice] 1#1: nginx/1.21.6
2022/03/27 06:48:29 [notice] 1#1: built by gcc 10.2.1 20210110 (Debian 10.2.1-6) 
2022/03/27 06:48:29 [notice] 1#1: OS: Linux 5.10.104-linuxkit
2022/03/27 06:48:29 [notice] 1#1: getrlimit(RLIMIT_NOFILE): 1048576:1048576
2022/03/27 06:48:29 [notice] 1#1: start worker processes
2022/03/27 06:48:29 [notice] 1#1: start worker process 25
2022/03/27 06:48:29 [notice] 1#1: start worker process 26
2022/03/27 06:48:29 [notice] 1#1: start worker process 27
2022/03/27 06:48:29 [notice] 1#1: start worker process 28
2022/03/27 07:25:08 [notice] 1#1: signal 3 (SIGQUIT) received, shutting down
2022/03/27 07:25:08 [notice] 28#28: gracefully shutting down
2022/03/27 07:25:08 [notice] 26#26: gracefully shutting down
2022/03/27 07:25:08 [notice] 25#25: gracefully shutting down
2022/03/27 07:25:08 [notice] 25#25: exiting
2022/03/27 07:25:08 [notice] 27#27: gracefully shutting down
2022/03/27 07:25:08 [notice] 27#27: exiting
2022/03/27 07:25:08 [notice] 28#28: exiting
2022/03/27 07:25:08 [notice] 26#26: exiting
2022/03/27 07:25:08 [notice] 26#26: exit
2022/03/27 07:25:08 [notice] 25#25: exit
2022/03/27 07:25:08 [notice] 27#27: exit
2022/03/27 07:25:08 [notice] 28#28: exit
2022/03/27 07:25:08 [notice] 1#1: signal 17 (SIGCHLD) received from 26
2022/03/27 07:25:08 [notice] 1#1: worker process 26 exited with code 0
2022/03/27 07:25:08 [notice] 1#1: signal 29 (SIGIO) received
2022/03/27 07:25:08 [notice] 1#1: signal 17 (SIGCHLD) received from 27
2022/03/27 07:25:08 [notice] 1#1: worker process 27 exited with code 0
2022/03/27 07:25:08 [notice] 1#1: signal 29 (SIGIO) received
2022/03/27 07:25:08 [notice] 1#1: signal 17 (SIGCHLD) received from 25
2022/03/27 07:25:08 [notice] 1#1: worker process 25 exited with code 0
2022/03/27 07:25:08 [notice] 1#1: worker process 28 exited with code 0
2022/03/27 07:25:08 [notice] 1#1: exit
2022/03/27 07:25:08 [notice] 1#1: using the "epoll" event method
2022/03/27 07:25:08 [notice] 1#1: nginx/1.21.6
2022/03/27 07:25:08 [notice] 1#1: built by gcc 10.2.1 20210110 (Debian 10.2.1-6) 
2022/03/27 07:25:08 [notice] 1#1: OS: Linux 5.10.104-linuxkit
2022/03/27 07:25:08 [notice] 1#1: getrlimit(RLIMIT_NOFILE): 1048576:1048576
2022/03/27 07:25:08 [notice] 1#1: start worker processes
2022/03/27 07:25:08 [notice] 1#1: start worker process 31
2022/03/27 07:25:08 [notice] 1#1: start worker process 32
2022/03/27 07:25:08 [notice] 1#1: start worker process 33
2022/03/27 07:25:08 [notice] 1#1: start worker process 34
2022/03/27 07:49:21 [notice] 1#1: signal 3 (SIGQUIT) received, shutting down
2022/03/27 07:49:21 [notice] 32#32: gracefully shutting down
2022/03/27 07:49:21 [notice] 32#32: exiting
2022/03/27 07:49:21 [notice] 34#34: gracefully shutting down
2022/03/27 07:49:21 [notice] 34#34: exiting
2022/03/27 07:49:21 [notice] 33#33: gracefully shutting down
2022/03/27 07:49:21 [notice] 33#33: exiting
2022/03/27 07:49:21 [notice] 31#31: gracefully shutting down
2022/03/27 07:49:21 [notice] 31#31: exiting
2022/03/27 07:49:21 [notice] 32#32: exit
2022/03/27 07:49:21 [notice] 34#34: exit
2022/03/27 07:49:21 [notice] 33#33: exit
2022/03/27 07:49:21 [notice] 31#31: exit
2022/03/27 07:49:21 [notice] 1#1: signal 17 (SIGCHLD) received from 32
2022/03/27 07:49:21 [notice] 1#1: worker process 32 exited with code 0
2022/03/27 07:49:21 [notice] 1#1: signal 29 (SIGIO) received
2022/03/27 07:49:21 [notice] 1#1: signal 17 (SIGCHLD) received from 33
2022/03/27 07:49:21 [notice] 1#1: worker process 33 exited with code 0
2022/03/27 07:49:21 [notice] 1#1: signal 29 (SIGIO) received
2022/03/27 07:49:21 [notice] 1#1: signal 17 (SIGCHLD) received from 34
2022/03/27 07:49:21 [notice] 1#1: worker process 31 exited with code 0
2022/03/27 07:49:21 [notice] 1#1: worker process 34 exited with code 0
2022/03/27 07:49:21 [notice] 1#1: exit
2022/03/27 07:49:22 [notice] 1#1: using the "epoll" event method
2022/03/27 07:49:22 [notice] 1#1: nginx/1.21.6
2022/03/27 07:49:22 [notice] 1#1: built by gcc 10.2.1 20210110 (Debian 10.2.1-6) 
2022/03/27 07:49:22 [notice] 1#1: OS: Linux 5.10.104-linuxkit
2022/03/27 07:49:22 [notice] 1#1: getrlimit(RLIMIT_NOFILE): 1048576:1048576
2022/03/27 07:49:22 [notice] 1#1: start worker processes
2022/03/27 07:49:22 [notice] 1#1: start worker process 32
2022/03/27 07:49:22 [notice] 1#1: start worker process 33
2022/03/27 07:49:22 [notice] 1#1: start worker process 34
2022/03/27 07:49:22 [notice] 1#1: start worker process 35
2022/03/27 10:03:58 [notice] 1#1: using the "epoll" event method
2022/03/27 10:03:58 [notice] 1#1: nginx/1.21.6
2022/03/27 10:03:58 [notice] 1#1: built by gcc 10.2.1 20210110 (Debian 10.2.1-6) 
2022/03/27 10:03:58 [notice] 1#1: OS: Linux 5.10.104-linuxkit
2022/03/27 10:03:58 [notice] 1#1: getrlimit(RLIMIT_NOFILE): 1048576:1048576
2022/03/27 10:03:58 [notice] 1#1: start worker processes
2022/03/27 10:03:58 [notice] 1#1: start worker process 25
2022/03/27 10:03:58 [notice] 1#1: start worker process 26
2022/03/27 10:03:58 [notice] 1#1: start worker process 27
2022/03/27 10:03:58 [notice] 1#1: start worker process 28
2022/03/27 10:06:14 [notice] 1#1: signal 3 (SIGQUIT) received, shutting down
2022/03/27 10:06:14 [notice] 26#26: gracefully shutting down
2022/03/27 10:06:14 [notice] 26#26: exiting
2022/03/27 10:06:14 [notice] 28#28: gracefully shutting down
2022/03/27 10:06:14 [notice] 28#28: exiting
2022/03/27 10:06:14 [notice] 25#25: gracefully shutting down
2022/03/27 10:06:14 [notice] 25#25: exiting
2022/03/27 10:06:14 [notice] 27#27: gracefully shutting down
2022/03/27 10:06:14 [notice] 26#26: exit
2022/03/27 10:06:14 [notice] 28#28: exit
2022/03/27 10:06:14 [notice] 25#25: exit
2022/03/27 10:06:14 [notice] 27#27: exiting
2022/03/27 10:06:14 [notice] 27#27: exit
2022/03/27 10:06:14 [notice] 1#1: signal 17 (SIGCHLD) received from 26
2022/03/27 10:06:14 [notice] 1#1: worker process 25 exited with code 0
2022/03/27 10:06:14 [notice] 1#1: worker process 26 exited with code 0
2022/03/27 10:06:14 [notice] 1#1: signal 29 (SIGIO) received
2022/03/27 10:06:14 [notice] 1#1: signal 17 (SIGCHLD) received from 28
2022/03/27 10:06:14 [notice] 1#1: worker process 28 exited with code 0
2022/03/27 10:06:14 [notice] 1#1: signal 29 (SIGIO) received
2022/03/27 10:06:14 [notice] 1#1: signal 17 (SIGCHLD) received from 27
2022/03/27 10:06:14 [notice] 1#1: worker process 27 exited with code 0
2022/03/27 10:06:14 [notice] 1#1: exit
2022/03/27 10:06:23 [notice] 1#1: using the "epoll" event method
2022/03/27 10:06:23 [notice] 1#1: nginx/1.21.6
2022/03/27 10:06:23 [notice] 1#1: built by gcc 10.2.1 20210110 (Debian 10.2.1-6) 
2022/03/27 10:06:23 [notice] 1#1: OS: Linux 5.10.104-linuxkit
2022/03/27 10:06:23 [notice] 1#1: getrlimit(RLIMIT_NOFILE): 1048576:1048576
2022/03/27 10:06:23 [notice] 1#1: start worker processes
2022/03/27 10:06:23 [notice] 1#1: start worker process 35
2022/03/27 10:06:23 [notice] 1#1: start worker process 36
2022/03/27 10:06:23 [notice] 1#1: start worker process 37
2022/03/27 10:06:23 [notice] 1#1: start worker process 38
2022/03/27 10:24:10 [notice] 1#1: signal 3 (SIGQUIT) received, shutting down
2022/03/27 10:24:10 [notice] 37#37: gracefully shutting down
2022/03/27 10:24:10 [notice] 36#36: gracefully shutting down
2022/03/27 10:24:10 [notice] 36#36: exiting
2022/03/27 10:24:10 [notice] 38#38: gracefully shutting down
2022/03/27 10:24:10 [notice] 38#38: exiting
2022/03/27 10:24:10 [notice] 35#35: gracefully shutting down
2022/03/27 10:24:10 [notice] 37#37: exiting
2022/03/27 10:24:10 [notice] 36#36: exit
2022/03/27 10:24:10 [notice] 38#38: exit
2022/03/27 10:24:10 [notice] 35#35: exiting
2022/03/27 10:24:10 [notice] 37#37: exit
2022/03/27 10:24:10 [notice] 35#35: exit
2022/03/27 10:24:10 [notice] 1#1: signal 17 (SIGCHLD) received from 38
2022/03/27 10:24:10 [notice] 1#1: worker process 38 exited with code 0
2022/03/27 10:24:10 [notice] 1#1: signal 29 (SIGIO) received
2022/03/27 10:24:10 [notice] 1#1: signal 17 (SIGCHLD) received from 35
2022/03/27 10:24:10 [notice] 1#1: worker process 35 exited with code 0
2022/03/27 10:24:10 [notice] 1#1: worker process 36 exited with code 0
2022/03/27 10:24:10 [notice] 1#1: signal 17 (SIGCHLD) received from 37
2022/03/27 10:24:10 [notice] 1#1: worker process 37 exited with code 0
2022/03/27 10:24:10 [notice] 1#1: signal 29 (SIGIO) received
2022/03/27 10:24:10 [notice] 1#1: exit
2022/03/27 10:24:18 [notice] 1#1: using the "epoll" event method
2022/03/27 10:24:18 [notice] 1#1: nginx/1.21.6
2022/03/27 10:24:18 [notice] 1#1: built by gcc 10.2.1 20210110 (Debian 10.2.1-6) 
2022/03/27 10:24:18 [notice] 1#1: OS: Linux 5.10.104-linuxkit
2022/03/27 10:24:18 [notice] 1#1: getrlimit(RLIMIT_NOFILE): 1048576:1048576
2022/03/27 10:24:18 [notice] 1#1: start worker processes
2022/03/27 10:24:18 [notice] 1#1: start worker process 33
2022/03/27 10:24:18 [notice] 1#1: start worker process 34
2022/03/27 10:24:18 [notice] 1#1: start worker process 35
2022/03/27 10:24:18 [notice] 1#1: start worker process 36
2022/03/27 10:25:39 [notice] 1#1: signal 3 (SIGQUIT) received, shutting down
2022/03/27 10:25:39 [notice] 33#33: gracefully shutting down
2022/03/27 10:25:39 [notice] 34#34: gracefully shutting down
2022/03/27 10:25:39 [notice] 34#34: exiting
2022/03/27 10:25:39 [notice] 35#35: gracefully shutting down
2022/03/27 10:25:39 [notice] 35#35: exiting
2022/03/27 10:25:39 [notice] 36#36: gracefully shutting down
2022/03/27 10:25:39 [notice] 33#33: exiting
2022/03/27 10:25:39 [notice] 34#34: exit
2022/03/27 10:25:39 [notice] 35#35: exit
2022/03/27 10:25:39 [notice] 36#36: exiting
2022/03/27 10:25:39 [notice] 36#36: exit
2022/03/27 10:25:39 [notice] 33#33: exit
2022/03/27 10:25:39 [notice] 1#1: signal 17 (SIGCHLD) received from 35
2022/03/27 10:25:39 [notice] 1#1: worker process 35 exited with code 0
2022/03/27 10:25:39 [notice] 1#1: signal 29 (SIGIO) received
2022/03/27 10:25:39 [notice] 1#1: signal 17 (SIGCHLD) received from 34
2022/03/27 10:25:39 [notice] 1#1: worker process 34 exited with code 0
2022/03/27 10:25:39 [notice] 1#1: signal 29 (SIGIO) received
2022/03/27 10:25:39 [notice] 1#1: signal 17 (SIGCHLD) received from 33
2022/03/27 10:25:39 [notice] 1#1: worker process 33 exited with code 0
2022/03/27 10:25:39 [notice] 1#1: signal 29 (SIGIO) received
2022/03/27 10:25:39 [notice] 1#1: signal 17 (SIGCHLD) received from 36
2022/03/27 10:25:39 [notice] 1#1: worker process 36 exited with code 0
2022/03/27 10:25:39 [notice] 1#1: exit
2022/03/27 10:25:45 [notice] 1#1: using the "epoll" event method
2022/03/27 10:25:45 [notice] 1#1: nginx/1.21.6
2022/03/27 10:25:45 [notice] 1#1: built by gcc 10.2.1 20210110 (Debian 10.2.1-6) 
2022/03/27 10:25:45 [notice] 1#1: OS: Linux 5.10.104-linuxkit
2022/03/27 10:25:45 [notice] 1#1: getrlimit(RLIMIT_NOFILE): 1048576:1048576
2022/03/27 10:25:45 [notice] 1#1: start worker processes
2022/03/27 10:25:45 [notice] 1#1: start worker process 32
2022/03/27 10:25:45 [notice] 1#1: start worker process 33
2022/03/27 10:25:45 [notice] 1#1: start worker process 34
2022/03/27 10:25:45 [notice] 1#1: start worker process 35
